[07-Dec-2016 06:56:07 UTC] PHP Warning:  include_once(/home/u489097905/public_html/app/View/_layout/articles.php): failed to open stream: No such file or directory in /home/u489097905/public_html/lib/View/Class.php on line 68
[07-Dec-2016 06:56:07 UTC] PHP Warning:  include_once(): Failed opening '/home/u489097905/public_html/app/View/_layout/articles.php' for inclusion (include_path='/home/u489097905/public_html/lib:/home/u489097905/public_html/app/classes:.:/opt/php-5.5/pear') in /home/u489097905/public_html/lib/View/Class.php on line 68
[07-Dec-2016 07:00:21 UTC] PHP Warning:  include_once(/home/u489097905/public_html/app/View/_layout/articles.php): failed to open stream: No such file or directory in /home/u489097905/public_html/lib/View/Class.php on line 68
[07-Dec-2016 07:00:21 UTC] PHP Warning:  include_once(): Failed opening '/home/u489097905/public_html/app/View/_layout/articles.php' for inclusion (include_path='/home/u489097905/public_html/lib:/home/u489097905/public_html/app/classes:.:/opt/php-5.5/pear') in /home/u489097905/public_html/lib/View/Class.php on line 68
[07-Dec-2016 07:03:04 UTC] PHP Warning:  include_once(/home/u489097905/public_html/app/View/_layout/articles.php): failed to open stream: No such file or directory in /home/u489097905/public_html/lib/View/Class.php on line 68
[07-Dec-2016 07:03:04 UTC] PHP Warning:  include_once(): Failed opening '/home/u489097905/public_html/app/View/_layout/articles.php' for inclusion (include_path='/home/u489097905/public_html/lib:/home/u489097905/public_html/app/classes:.:/opt/php-5.5/pear') in /home/u489097905/public_html/lib/View/Class.php on line 68
[07-Dec-2016 07:03:17 UTC] PHP Warning:  Missing argument 1 for Controller_Pages::error() in /home/u489097905/public_html/app/classes/Controller/Pages.php on line 4
[07-Dec-2016 07:05:11 UTC] PHP Warning:  Missing argument 1 for Controller_Pages::error() in /home/u489097905/public_html/app/classes/Controller/Pages.php on line 4
[07-Dec-2016 07:06:23 UTC] PHP Warning:  Missing argument 1 for Controller_Pages::error() in /home/u489097905/public_html/app/classes/Controller/Pages.php on line 4
[07-Dec-2016 07:06:41 UTC] PHP Warning:  include_once(/home/u489097905/public_html/app/View/_layout/articles.php): failed to open stream: No such file or directory in /home/u489097905/public_html/lib/View/Class.php on line 68
[07-Dec-2016 07:06:41 UTC] PHP Warning:  include_once(): Failed opening '/home/u489097905/public_html/app/View/_layout/articles.php' for inclusion (include_path='/home/u489097905/public_html/lib:/home/u489097905/public_html/app/classes:.:/opt/php-5.5/pear') in /home/u489097905/public_html/lib/View/Class.php on line 68
[07-Dec-2016 07:10:06 UTC] PHP Warning:  include_once(/home/u489097905/public_html/app/View/_layout/articles.php): failed to open stream: No such file or directory in /home/u489097905/public_html/lib/View/Class.php on line 68
[07-Dec-2016 07:10:06 UTC] PHP Warning:  include_once(): Failed opening '/home/u489097905/public_html/app/View/_layout/articles.php' for inclusion (include_path='/home/u489097905/public_html/lib:/home/u489097905/public_html/app/classes:.:/opt/php-5.5/pear') in /home/u489097905/public_html/lib/View/Class.php on line 68
[07-Dec-2016 07:10:10 UTC] PHP Warning:  include_once(/home/u489097905/public_html/app/View/_layout/articles.php): failed to open stream: No such file or directory in /home/u489097905/public_html/lib/View/Class.php on line 68
[07-Dec-2016 07:10:10 UTC] PHP Warning:  include_once(): Failed opening '/home/u489097905/public_html/app/View/_layout/articles.php' for inclusion (include_path='/home/u489097905/public_html/lib:/home/u489097905/public_html/app/classes:.:/opt/php-5.5/pear') in /home/u489097905/public_html/lib/View/Class.php on line 68
[07-Dec-2016 07:17:53 UTC] PHP Warning:  include_once(/home/u489097905/public_html/app/View/_layout/articles.php): failed to open stream: No such file or directory in /home/u489097905/public_html/lib/View/Class.php on line 68
[07-Dec-2016 07:17:53 UTC] PHP Warning:  include_once(): Failed opening '/home/u489097905/public_html/app/View/_layout/articles.php' for inclusion (include_path='/home/u489097905/public_html/lib:/home/u489097905/public_html/app/classes:.:/opt/php-5.5/pear') in /home/u489097905/public_html/lib/View/Class.php on line 68
[07-Dec-2016 07:17:57 UTC] PHP Warning:  include_once(/home/u489097905/public_html/app/View/_layout/articles.php): failed to open stream: No such file or directory in /home/u489097905/public_html/lib/View/Class.php on line 68
[07-Dec-2016 07:17:57 UTC] PHP Warning:  include_once(): Failed opening '/home/u489097905/public_html/app/View/_layout/articles.php' for inclusion (include_path='/home/u489097905/public_html/lib:/home/u489097905/public_html/app/classes:.:/opt/php-5.5/pear') in /home/u489097905/public_html/lib/View/Class.php on line 68
[07-Dec-2016 07:19:52 UTC] PHP Parse error:  syntax error, unexpected '$user' (T_VARIABLE) in /home/u489097905/public_html/app/View/_layout/articles.php on line 11
[07-Dec-2016 07:20:17 UTC] PHP Parse error:  syntax error, unexpected '$user' (T_VARIABLE) in /home/u489097905/public_html/app/View/_layout/articles.php on line 11
[07-Dec-2016 07:20:53 UTC] PHP Parse error:  syntax error, unexpected '$user' (T_VARIABLE) in /home/u489097905/public_html/app/View/_layout/articles.php on line 11
[07-Dec-2016 07:23:37 UTC] PHP Parse error:  syntax error, unexpected '$user' (T_VARIABLE) in /home/u489097905/public_html/app/View/_layout/articles.php on line 11
[07-Dec-2016 07:23:52 UTC] PHP Parse error:  syntax error, unexpected '$user' (T_VARIABLE) in /home/u489097905/public_html/app/View/_layout/articles.php on line 11
[07-Dec-2016 07:26:31 UTC] PHP Parse error:  syntax error, unexpected '$user' (T_VARIABLE) in /home/u489097905/public_html/app/View/_layout/articles.php on line 11
[07-Dec-2016 07:26:42 UTC] PHP Parse error:  syntax error, unexpected '$user' (T_VARIABLE) in /home/u489097905/public_html/app/View/_layout/articles.php on line 11
[07-Dec-2016 07:26:57 UTC] PHP Parse error:  syntax error, unexpected '$user' (T_VARIABLE) in /home/u489097905/public_html/app/View/_layout/articles.php on line 11
[07-Dec-2016 08:09:19 UTC] PHP Fatal error:  Call to a member function query() on a non-object in /home/u489097905/public_html/app/View/_layout/articles.php on line 12
[07-Dec-2016 08:09:24 UTC] PHP Fatal error:  Call to a member function query() on a non-object in /home/u489097905/public_html/app/View/_layout/articles.php on line 12
[07-Dec-2016 08:10:02 UTC] PHP Fatal error:  Call to a member function query() on a non-object in /home/u489097905/public_html/app/View/_layout/articles.php on line 12
[07-Dec-2016 08:11:16 UTC] PHP Fatal error:  Call to a member function query() on a non-object in /home/u489097905/public_html/app/View/_layout/articles.php on line 12
[07-Dec-2016 08:13:46 UTC] PHP Fatal error:  Call to a member function fetch_array() on a non-object in /home/u489097905/public_html/app/View/_layout/articles.php on line 12
[07-Dec-2016 08:15:10 UTC] PHP Fatal error:  Call to a member function fetch_array() on a non-object in /home/u489097905/public_html/app/View/_layout/articles.php on line 12
[07-Dec-2016 08:24:12 UTC] PHP Parse error:  syntax error, unexpected '"', expecting identifier (T_STRING) or variable (T_VARIABLE) or number (T_NUM_STRING) in /home/u489097905/public_html/app/View/_element/menu.php on line 8
[07-Dec-2016 08:24:13 UTC] PHP Parse error:  syntax error, unexpected '"', expecting identifier (T_STRING) or variable (T_VARIABLE) or number (T_NUM_STRING) in /home/u489097905/public_html/app/View/_element/menu.php on line 8
[07-Dec-2016 08:24:18 UTC] PHP Parse error:  syntax error, unexpected '"', expecting identifier (T_STRING) or variable (T_VARIABLE) or number (T_NUM_STRING) in /home/u489097905/public_html/app/View/_element/menu.php on line 8
[07-Dec-2016 08:24:19 UTC] PHP Parse error:  syntax error, unexpected '"', expecting identifier (T_STRING) or variable (T_VARIABLE) or number (T_NUM_STRING) in /home/u489097905/public_html/app/View/_element/menu.php on line 8
[07-Dec-2016 08:24:28 UTC] PHP Parse error:  syntax error, unexpected '"', expecting identifier (T_STRING) or variable (T_VARIABLE) or number (T_NUM_STRING) in /home/u489097905/public_html/app/View/_element/menu.php on line 8
[07-Dec-2016 08:24:29 UTC] PHP Parse error:  syntax error, unexpected '"', expecting identifier (T_STRING) or variable (T_VARIABLE) or number (T_NUM_STRING) in /home/u489097905/public_html/app/View/_element/menu.php on line 8
[07-Dec-2016 08:24:52 UTC] PHP Parse error:  syntax error, unexpected '"', expecting identifier (T_STRING) or variable (T_VARIABLE) or number (T_NUM_STRING) in /home/u489097905/public_html/app/View/_element/menu.php on line 8
[07-Dec-2016 08:24:52 UTC] PHP Parse error:  syntax error, unexpected '"', expecting identifier (T_STRING) or variable (T_VARIABLE) or number (T_NUM_STRING) in /home/u489097905/public_html/app/View/_element/menu.php on line 8
[07-Dec-2016 08:24:54 UTC] PHP Parse error:  syntax error, unexpected '"', expecting identifier (T_STRING) or variable (T_VARIABLE) or number (T_NUM_STRING) in /home/u489097905/public_html/app/View/_element/menu.php on line 8
[07-Dec-2016 08:24:55 UTC] PHP Parse error:  syntax error, unexpected '"', expecting identifier (T_STRING) or variable (T_VARIABLE) or number (T_NUM_STRING) in /home/u489097905/public_html/app/View/_element/menu.php on line 8
[07-Dec-2016 08:26:18 UTC] PHP Parse error:  syntax error, unexpected '"', expecting identifier (T_STRING) or variable (T_VARIABLE) or number (T_NUM_STRING) in /home/u489097905/public_html/app/View/_element/menu.php on line 8
[07-Dec-2016 08:26:19 UTC] PHP Parse error:  syntax error, unexpected '"', expecting identifier (T_STRING) or variable (T_VARIABLE) or number (T_NUM_STRING) in /home/u489097905/public_html/app/View/_element/menu.php on line 8
[07-Dec-2016 08:27:32 UTC] PHP Parse error:  syntax error, unexpected '"', expecting identifier (T_STRING) or variable (T_VARIABLE) or number (T_NUM_STRING) in /home/u489097905/public_html/app/View/_element/menu.php on line 8
[07-Dec-2016 08:27:33 UTC] PHP Parse error:  syntax error, unexpected '"', expecting identifier (T_STRING) or variable (T_VARIABLE) or number (T_NUM_STRING) in /home/u489097905/public_html/app/View/_element/menu.php on line 8
[07-Dec-2016 08:45:21 UTC] PHP Parse error:  syntax error, unexpected '"', expecting identifier (T_STRING) or variable (T_VARIABLE) or number (T_NUM_STRING) in /home/u489097905/public_html/app/View/_element/menu.php on line 8
[07-Dec-2016 08:45:22 UTC] PHP Parse error:  syntax error, unexpected '"', expecting identifier (T_STRING) or variable (T_VARIABLE) or number (T_NUM_STRING) in /home/u489097905/public_html/app/View/_element/menu.php on line 8
[07-Dec-2016 08:46:06 UTC] PHP Parse error:  syntax error, unexpected '"', expecting identifier (T_STRING) or variable (T_VARIABLE) or number (T_NUM_STRING) in /home/u489097905/public_html/app/View/_element/menu.php on line 8
[07-Dec-2016 08:46:07 UTC] PHP Parse error:  syntax error, unexpected '"', expecting identifier (T_STRING) or variable (T_VARIABLE) or number (T_NUM_STRING) in /home/u489097905/public_html/app/View/_element/menu.php on line 8
